<?xml version="1.0" encoding="UTF-8"?>
<!-- Generated by org.testng.reporters.JUnitXMLReporter -->
<testsuite ignored="0" hostname="DESKTOP-696G7VD" failures="0" tests="5" name="MultipleLoginTest" time="47.593" errors="0" timestamp="2024-01-13T14:54:56 IST">
  <testcase classname="testCases.TC_003_LoginDataDrivenTest" name="test_LoginDDT" time="2.803"/>
  <testcase classname="testCases.TC_003_LoginDataDrivenTest" name="test_LoginDDT" time="11.645"/>
  <testcase classname="testCases.TC_003_LoginDataDrivenTest" name="test_LoginDDT" time="11.493"/>
  <testcase classname="testCases.TC_003_LoginDataDrivenTest" name="test_LoginDDT" time="11.694"/>
  <testcase classname="testCases.TC_003_LoginDataDrivenTest" name="test_LoginDDT" time="2.507"/>
</testsuite> <!-- MultipleLoginTest -->
