<?xml version="1.0" encoding="UTF-8"?>
<!-- Generated by org.testng.reporters.JUnitXMLReporter -->
<testsuite ignored="0" hostname="DESKTOP-696G7VD" failures="0" tests="5" name="OpencartTest" time="77.774" errors="0" timestamp="2024-01-13T15:19:07 IST">
  <testcase classname="testCases.TC_001_AccountRegistrationTest" name="test_account_Registration" time="4.846"/>
  <testcase classname="testCases.TC_002_LoginTest" name="test_Login" time="1.81"/>
  <testcase classname="testCases.TC_004_SearchProductTest" name="test_pruductSearch" time="1.732"/>
  <testcase classname="testCases.TC_005_AddToCartPageTest" name="test_addToCart" time="3.865"/>
  <testcase classname="testCases.TC_006_EndToEndTest" name="endToendTest" time="43.787"/>
</testsuite> <!-- OpencartTest -->
