<?xml version="1.0" encoding="UTF-8"?>
<!-- Generated by org.testng.reporters.JUnitXMLReporter -->
<testsuite ignored="0" hostname="DESKTOP-696G7VD" failures="0" tests="2" name="SearchAndAddToCartProduct" time="18.495" errors="0" timestamp="2024-09-08T17:58:23 IST">
  <testcase classname="testCases.TC_004_SearchProductTest" name="test_pruductSearch" time="3.263"/>
  <testcase classname="testCases.TC_005_AddToCartPageTest" name="test_addToCart" time="3.838"/>
</testsuite> <!-- SearchAndAddToCartProduct -->
