<?xml version="1.0" encoding="UTF-8"?>
<!-- Generated by org.testng.reporters.JUnitXMLReporter -->
<testsuite ignored="0" hostname="DESKTOP-696G7VD" failures="0" tests="2" name="SearchAndAddToCartProduct" time="12.378" errors="0" timestamp="2024-04-14T20:35:30 IST">
  <testcase classname="testCases.TC_004_SearchProductTest" name="test_pruductSearch" time="2.464"/>
  <testcase classname="testCases.TC_005_AddToCartPageTest" name="test_addToCart" time="2.287"/>
</testsuite> <!-- SearchAndAddToCartProduct -->
