<?xml version="1.0" encoding="UTF-8"?>
<!-- Generated by org.testng.reporters.JUnitXMLReporter -->
<testsuite ignored="0" hostname="DESKTOP-696G7VD" failures="0" tests="5" name="Test" time="81.228" errors="0" timestamp="2024-01-13T15:09:31 IST">
  <testcase classname="testCases.TC_001_AccountRegistrationTest" name="test_account_Registration" time="6.084"/>
  <testcase classname="testCases.TC_002_LoginTest" name="test_Login" time="1.84"/>
  <testcase classname="testCases.TC_004_SearchProductTest" name="test_pruductSearch" time="4.163"/>
  <testcase classname="testCases.TC_005_AddToCartPageTest" name="test_addToCart" time="4.092"/>
  <testcase classname="testCases.TC_006_EndToEndTest" name="endToendTest" time="44.643"/>
</testsuite> <!-- Test -->
