<?xml version="1.0" encoding="UTF-8"?>
<!-- Generated by org.testng.reporters.JUnitXMLReporter -->
<testsuite ignored="0" hostname="DESKTOP-696G7VD" failures="0" tests="2" name="SearchAndAddToCartProduct" time="14.354" errors="0" timestamp="2024-09-08T18:23:48 IST">
  <testcase classname="testCases.TC_004_SearchProductTest" name="test_pruductSearch" time="2.595"/>
  <testcase classname="testCases.TC_005_AddToCartPageTest" name="test_addToCart" time="2.826"/>
</testsuite> <!-- SearchAndAddToCartProduct -->
