<?xml version="1.0" encoding="UTF-8"?>
<testng-results ignored="0" total="3" passed="3" failed="0" skipped="0">
  <reporter-output>
  </reporter-output>
  <suite started-at="2024-09-08T17:58:04 IST" name="Suite" finished-at="2024-09-08T17:59:01 IST" duration-ms="57048">
    <groups>
      <group name="Master">
        <method signature="TC_001_AccountRegistrationTest.test_account_Registration()[pri:0, instance:testCases.TC_001_AccountRegistrationTest@7ae0a9ec]" name="test_account_Registration" class="testCases.TC_001_AccountRegistrationTest"/>
        <method signature="TC_002_LoginTest.test_Login()[pri:0, instance:testCases.TC_002_LoginTest@1972e513]" name="test_Login" class="testCases.TC_002_LoginTest"/>
      </group> <!-- Master -->
      <group name="Sanity">
        <method signature="TC_002_LoginTest.test_Login()[pri:0, instance:testCases.TC_002_LoginTest@1972e513]" name="test_Login" class="testCases.TC_002_LoginTest"/>
      </group> <!-- Sanity -->
      <group name="Regression">
        <method signature="TC_001_AccountRegistrationTest.test_account_Registration()[pri:0, instance:testCases.TC_001_AccountRegistrationTest@7ae0a9ec]" name="test_account_Registration" class="testCases.TC_001_AccountRegistrationTest"/>
      </group> <!-- Regression -->
    </groups>
    <test started-at="2024-09-08T17:58:04 IST" name="SearchAndAddToCartProduct" finished-at="2024-09-08T17:58:23 IST" duration-ms="18495">
      <class name="testCases.TC_005_AddToCartPageTest">
        <test-method is-config="true" signature="setup(java.lang.String)[pri:0, instance:testCases.TC_005_AddToCartPageTest@4082ba93]" started-at="2024-09-08T17:58:15 IST" name="setup" finished-at="2024-09-08T17:58:19 IST" duration-ms="3506" status="PASS">
          <params>
            <param index="0">
              <value>
                <![CDATA[edge]]>
              </value>
            </param>
          </params>
          <reporter-output>
          </reporter-output>
        </test-method> <!-- setup -->
        <test-method signature="test_addToCart()[pri:0, instance:testCases.TC_005_AddToCartPageTest@4082ba93]" started-at="2024-09-08T17:58:19 IST" name="test_addToCart" finished-at="2024-09-08T17:58:23 IST" duration-ms="3838" status="PASS">
          <reporter-output>
          </reporter-output>
        </test-method> <!-- test_addToCart -->
        <test-method is-config="true" signature="teadDown()[pri:0, instance:testCases.TC_005_AddToCartPageTest@4082ba93]" started-at="2024-09-08T17:58:23 IST" name="teadDown" finished-at="2024-09-08T17:58:23 IST" duration-ms="336" status="PASS">
          <reporter-output>
          </reporter-output>
        </test-method> <!-- teadDown -->
      </class> <!-- testCases.TC_005_AddToCartPageTest -->
      <class name="testCases.TC_004_SearchProductTest">
        <test-method is-config="true" signature="setup(java.lang.String)[pri:0, instance:testCases.TC_004_SearchProductTest@4a003cbe]" started-at="2024-09-08T17:58:05 IST" name="setup" finished-at="2024-09-08T17:58:11 IST" duration-ms="6690" status="PASS">
          <params>
            <param index="0">
              <value>
                <![CDATA[edge]]>
              </value>
            </param>
          </params>
          <reporter-output>
          </reporter-output>
        </test-method> <!-- setup -->
        <test-method signature="test_pruductSearch()[pri:0, instance:testCases.TC_004_SearchProductTest@4a003cbe]" started-at="2024-09-08T17:58:11 IST" name="test_pruductSearch" finished-at="2024-09-08T17:58:15 IST" duration-ms="3263" status="PASS">
          <reporter-output>
          </reporter-output>
        </test-method> <!-- test_pruductSearch -->
        <test-method is-config="true" signature="teadDown()[pri:0, instance:testCases.TC_004_SearchProductTest@4a003cbe]" started-at="2024-09-08T17:58:15 IST" name="teadDown" finished-at="2024-09-08T17:58:15 IST" duration-ms="535" status="PASS">
          <reporter-output>
          </reporter-output>
        </test-method> <!-- teadDown -->
      </class> <!-- testCases.TC_004_SearchProductTest -->
    </test> <!-- SearchAndAddToCartProduct -->
    <test started-at="2024-09-08T17:58:04 IST" name="EndToEndTest" finished-at="2024-09-08T17:59:01 IST" duration-ms="57048">
      <class name="testCases.TC_006_EndToEndTest">
        <test-method is-config="true" signature="setup(java.lang.String)[pri:0, instance:testCases.TC_006_EndToEndTest@7f485fda]" started-at="2024-09-08T17:58:05 IST" name="setup" finished-at="2024-09-08T17:58:11 IST" duration-ms="6283" status="PASS">
          <params>
            <param index="0">
              <value>
                <![CDATA[chrome]]>
              </value>
            </param>
          </params>
          <reporter-output>
          </reporter-output>
        </test-method> <!-- setup -->
        <test-method signature="endToendTest()[pri:0, instance:testCases.TC_006_EndToEndTest@7f485fda]" started-at="2024-09-08T17:58:11 IST" name="endToendTest" finished-at="2024-09-08T17:59:01 IST" duration-ms="49660" status="PASS">
          <reporter-output>
          </reporter-output>
        </test-method> <!-- endToendTest -->
        <test-method is-config="true" signature="teadDown()[pri:0, instance:testCases.TC_006_EndToEndTest@7f485fda]" started-at="2024-09-08T17:59:01 IST" name="teadDown" finished-at="2024-09-08T17:59:01 IST" duration-ms="476" status="PASS">
          <reporter-output>
          </reporter-output>
        </test-method> <!-- teadDown -->
      </class> <!-- testCases.TC_006_EndToEndTest -->
    </test> <!-- EndToEndTest -->
  </suite> <!-- Suite -->
</testng-results>
